0 0
1 -0.000669564
2 -0.00303287
3 -0.00681099
4 -0.0113675
5 -0.0173125
6 -0.0258245
7 -0.0371878
8 -0.0500175
9 -0.062108
10 -0.0722457
11 -0.0811848
12 -0.0906395
13 -0.101073
14 -0.110523
15 -0.116935
16 -0.119894
17 -0.119025
18 -0.114218
19 -0.106846
20 -0.0990394
21 -0.0929446
22 -0.0880224
23 -0.0784604
24 -0.0597373
25 -0.0350277
26 -0.00990176
27 0.0118506
28 0.0258236
29 0.0268248
30 0.0128656
31 -0.0120774
32 -0.0425019
33 -0.0757644
34 -0.11055
35 -0.14393
36 -0.170057
37 -0.181853
38 -0.174063
39 -0.142421
40 -0.0839253
41 -0.00183345
42 0.0969451
43 0.206913
44 0.322973
45 0.439498
46 0.55219
47 0.659925
48 0.763326
49 0.863324
50 0.95845
51 1.0422
52 1.10622
53 1.14478
54 1.15634
55 1.13984
56 1.09108
57 1.00492
58 0.877371
59 0.705689
60 0.488491
61 0.225852
62 -0.0739576
63 -0.388093
64 -0.68656
65 -0.93976
66 -1.1194
67 -1.19947
68 -1.16654
69 -1.02955
70 -0.805656
71 -0.506031
72 -0.140943
73 0.275044
74 0.723199
75 1.1826
76 1.63233
77 2.05532
78 2.43311
79 2.73534
80 2.92728
81 2.98026
82 2.87251
83 2.58962
84 2.12469
85 1.48557
86 0.701656
87 -0.185316
88 -1.13056
89 -2.08791
90 -3.01512
91 -3.87907
92 -4.64669
93 -5.27624
94 -5.72547
95 -5.95971
96 -5.95303
97 -5.68914
98 -5.162
99 -4.37595
100 -3.34564
101 -2.09531
102 -0.657905
103 0.914288
104 2.53982
105 4.12365
106 5.57294
107 6.80057
108 7.72863
109 8.29165
110 8.4394
111 8.13917
112 7.39163
113 6.24512
114 4.77922
115 3.08726
116 1.27255
117 -0.55606
118 -2.28928
119 -3.82257
120 -5.06131
121 -5.96385
122 -6.58186
123 -6.98138
124 -7.16418
125 -7.10692
126 -6.79946
127 -6.24285
128 -5.46076
129 -4.51005
130 -3.46298
131 -2.38997
132 -1.34849
133 -0.373339
134 0.516162
135 1.30823
136 1.99609
137 2.57534
138 3.04332
139 3.39877
140 3.63568
141 3.73787
142 3.68675
143 3.46982
144 3.08261
145 2.52913
146 1.82892
147 1.02353
148 0.167826
149 -0.67948
150 -1.46818
151 -2.16877
152 -2.76513
153 -3.23791
154 -3.55761
155 -3.69545
156 -3.63342
157 -3.36437
158 -2.89983
159 -2.27683
160 -1.54648
161 -0.762322
162 0.0342101
163 0.827426
164 1.6162
165 2.38617
166 3.09423
167 3.68576
168 4.11166
169 4.32884
170 4.31696
171 4.0944
172 3.70108
173 3.18122
174 2.56796
175 1.8687
176 1.08062
177 0.206074
178 -0.734115
179 -1.68842
180 -2.59071
181 -3.38507
182 -4.0366
183 -4.5247
184 -4.83618
185 -4.95966
186 -4.87967
187 -4.58425
188 -4.07984
189 -3.39825
190 -2.58482
191 -1.68625
192 -0.749905
193 0.184242
194 1.09275
195 1.9625
196 2.78406
197 3.5418
198 4.20406
199 4.73405
200 5.10056
201 5.2781
202 5.25501
203 5.04124
204 4.65415
205 4.10466
206 3.40335
207 2.57263
208 1.65245
209 0.693153
210 -0.25212
211 -1.12931
212 -1.88571
213 -2.47246
214 -2.85601
215 -3.0289
216 -3.00201
217 -2.79622
218 -2.44211
219 -1.97896
220 -1.4528
221 -0.913786
222 -0.402887
223 0.0611994
224 0.473676
225 0.823919
226 1.08602
227 1.231
228 1.23829
229 1.09516
230 0.811203
231 0.431645
232 0.0185742
233 -0.367684
234 -0.671025
235 -0.865439
236 -0.9792
237 -1.04964
238 -1.07824
239 -1.04979
240 -0.951369
241 -0.771843
242 -0.501429
243 -0.131587
244 0.327601
245 0.83053
246 1.3145
247 1.71817
248 1.99846
249 2.14699
250 2.17367
251 2.09067
252 1.90233
253 1.5957
254 1.15273
255 0.572777
256 -0.116526
257 -0.870929
258 -1.64187
259 -2.37856
260 -3.03801
261 -3.59509
262 -4.03669
263 -4.34886
264 -4.5115
265 -4.50663
266 -4.32595
267 -3.97056
268 -3.46014
269 -2.84102
270 -2.1731
271 -1.50235
272 -0.844572
273 -0.198694
274 0.439328
275 1.06612
276 1.66047
277 2.19399
278 2.64151
279 2.98766
280 3.23306
281 3.3866
282 3.45812
283 3.45825
284 3.39871
285 3.28384
286 3.1026
287 2.83881
288 2.48115
289 2.03059
290 1.50707
291 0.941386
292 0.363809
293 -0.200389
294 -0.728616
295 -1.19862
296 -1.5962
297 -1.916
298 -2.15144
299 -2.29732
300 -2.35183
301 -2.31196
302 -2.17579
303 -1.94466
304 -1.62888
305 -1.25335
306 -0.849802
307 -0.442039
308 -0.0384161
309 0.360598
310 0.748621
311 1.10721
312 1.41716
313 1.66974
314 1.86207
315 1.99266
316 2.06175
317 2.06601
318 1.9933
319 1.83527
320 1.59938
321 1.30006
322 0.949632
323 0.561676
324 0.154065
325 -0.253331
326 -0.640608
327 -0.988533
328 -1.28224
329 -1.51459
330 -1.6842
331 -1.79311
332 -1.84304
333 -1.83145
334 -1.75483
335 -1.61193
336 -1.40934
337 -1.16252
338 -0.8847
339 -0.584896
340 -0.272815
341 0.0406615
342 0.346296
343 0.639232
344 0.916732
345 1.176
346 1.41432
347 1.62932
348 1.81382
349 1.95104
350 2.02094
351 2.00659
352 1.90042
353 1.71017
354 1.45279
355 1.1417
356 0.780041
357 0.373396
358 -0.0577973
359 -0.485971
360 -0.884211
361 -1.22737
362 -1.49795
363 -1.69161
364 -1.81237
365 -1.86348
366 -1.84492
367 -1.75936
368 -1.61247
369 -1.40895
370 -1.15379
371 -0.853436
372 -0.518109
373 -0.163938
374 0.190353
375 0.531411
376 0.856148
377 1.16171
378 1.43566
379 1.66154
380 1.82458
381 1.91436
382 1.92754
383 1.86569
384 1.73311
385 1.53792
386 1.29302
387 1.01465
388 0.718121
389 0.414342
390 0.117421
391 -0.153583
392 -0.386454
393 -0.576336
394 -0.720717
395 -0.819748
396 -0.876338
397 -0.895979
398 -0.886334
